<?xml version="1.0" encoding="UTF-8"?>
<!-- Generated by org.testng.reporters.JUnitReportReporter -->
<testsuite skipped="0" hostname="santy" name="com.test.automation.uiautomation.addToCart.TC005_VerifyAddtoCart" tests="1" failures="0" timestamp="29 Mar 2018 06:04:07 GMT" time="15.927" errors="0">
  <testcase name="VerifyAddtoCart" time="15.927" classname="com.test.automation.uiautomation.addToCart.TC005_VerifyAddtoCart"/>
</testsuite> <!-- com.test.automation.uiautomation.addToCart.TC005_VerifyAddtoCart -->
