<?xml version="1.0" encoding="UTF-8"?>
<!-- Generated by org.testng.reporters.JUnitReportReporter -->
<testsuite skipped="0" hostname="santy" name="com.test.automation.uiautomation.homepage.TC002_Registration" tests="1" failures="0" timestamp="29 Mar 2018 06:39:35 GMT" time="63.416" errors="0">
  <testcase name="registrationuser" time="63.416" classname="com.test.automation.uiautomation.homepage.TC002_Registration"/>
</testsuite> <!-- com.test.automation.uiautomation.homepage.TC002_Registration -->
