<?xml version="1.0" encoding="UTF-8"?>
<!-- Generated by org.testng.reporters.JUnitReportReporter -->
<testsuite skipped="5" hostname="santy" name="com.test.automation.uiautomation.homepage.TC004_VerifywithDifferentRecords" tests="7" failures="0" timestamp="29 Mar 2018 06:04:07 GMT" time="134.263" errors="0">
  <testcase name="verifywithDifferentRecords" time="0.007" classname="com.test.automation.uiautomation.homepage.TC004_VerifywithDifferentRecords">
    <skipped/>
  </testcase> <!-- verifywithDifferentRecords -->
  <testcase name="verifywithDifferentRecords" time="0.007" classname="com.test.automation.uiautomation.homepage.TC004_VerifywithDifferentRecords">
    <skipped/>
  </testcase> <!-- verifywithDifferentRecords -->
  <testcase name="verifywithDifferentRecords" time="66.578" classname="com.test.automation.uiautomation.homepage.TC004_VerifywithDifferentRecords"/>
  <testcase name="verifywithDifferentRecords" time="0.022" classname="com.test.automation.uiautomation.homepage.TC004_VerifywithDifferentRecords">
    <skipped/>
  </testcase> <!-- verifywithDifferentRecords -->
  <testcase name="verifywithDifferentRecords" time="0.010" classname="com.test.automation.uiautomation.homepage.TC004_VerifywithDifferentRecords">
    <skipped/>
  </testcase> <!-- verifywithDifferentRecords -->
  <testcase name="verifywithDifferentRecords" time="0.005" classname="com.test.automation.uiautomation.homepage.TC004_VerifywithDifferentRecords">
    <skipped/>
  </testcase> <!-- verifywithDifferentRecords -->
  <testcase name="verifywithDifferentRecords" time="67.634" classname="com.test.automation.uiautomation.homepage.TC004_VerifywithDifferentRecords"/>
</testsuite> <!-- com.test.automation.uiautomation.homepage.TC004_VerifywithDifferentRecords -->
