<?xml version="1.0" encoding="UTF-8"?>
<!-- Generated by org.testng.reporters.JUnitReportReporter -->
<testsuite skipped="0" hostname="santy" name="com.test.automation.uiautomation.homepage.TC003_VerifyLoginwithvalidCredentials" tests="1" failures="0" timestamp="29 Mar 2018 06:04:07 GMT" time="67.981" errors="0">
  <testcase name="verifyLoginwithvalidCredentials" time="67.981" classname="com.test.automation.uiautomation.homepage.TC003_VerifyLoginwithvalidCredentials"/>
</testsuite> <!-- com.test.automation.uiautomation.homepage.TC003_VerifyLoginwithvalidCredentials -->
